<?xml version="1.0" encoding="UTF-8"?>
<!-- Generated by org.testng.reporters.JUnitXMLReporter -->
<testsuite ignored="0" hostname="SPARK-PF2DE7Y1" failures="0" tests="3" name="Accounts Page Test" time="7.373" errors="0" timestamp="2023-08-07T18:44:06 EDT">
  <testcase classname="com.qa.opencart.test.AccountsPageTest" name="accPageHeaderList" time="0.108"/>
  <testcase classname="com.qa.opencart.test.AccountsPageTest" name="accPageTitleTest" time="0.01"/>
  <testcase classname="com.qa.opencart.test.AccountsPageTest" name="isLogoutLinkExistTest" time="0.034"/>
</testsuite> <!-- Accounts Page Test -->
