<?xml version="1.0" encoding="UTF-8"?>
<!-- Generated by org.testng.reporters.JUnitXMLReporter -->
<testsuite ignored="0" hostname="SPARK-PF2DE7Y1" failures="0" tests="3" name="Accounts Page Test" time="8.152" errors="0" timestamp="2023-08-10T23:14:57 EDT">
  <testcase classname="com.qa.opencart.test.AccountsPageTest" name="accPageHeaderList" time="0.154"/>
  <testcase classname="com.qa.opencart.test.AccountsPageTest" name="accPageTitleTest" time="0.01"/>
  <testcase classname="com.qa.opencart.test.AccountsPageTest" name="isLogoutLinkExistTest" time="0.032"/>
</testsuite> <!-- Accounts Page Test -->
