<?xml version="1.0" encoding="UTF-8"?>
<!-- Generated by org.testng.reporters.JUnitXMLReporter -->
<testsuite ignored="0" hostname="SPARK-PF2DE7Y1" failures="0" tests="3" name="Login Page Test" time="7.43" errors="0" timestamp="2023-08-07T18:44:06 EDT">
  <testcase classname="com.qa.opencart.test.LoginPageTest" name="forgotPasswordLinkExistText" time="0.077"/>
  <testcase classname="com.qa.opencart.test.LoginPageTest" name="loginPageTitleTest" time="0.016"/>
  <testcase classname="com.qa.opencart.test.LoginPageTest" name="loginTest" time="1.29"/>
</testsuite> <!-- Login Page Test -->
