<?xml version="1.0" encoding="UTF-8"?>
<!-- Generated by org.testng.reporters.JUnitXMLReporter -->
<testsuite ignored="0" hostname="SPARK-PF2DE7Y1" failures="0" tests="4" name="Default test" time="10.325" errors="0" timestamp="2023-08-01T12:22:51 EDT">
  <testcase classname="com.qa.opencart.test.ResultsPageTest" name="serchProductResultCountTest" time="1.152"/>
  <testcase classname="com.qa.opencart.test.ResultsPageTest" name="isMacBookAirDisplyed" time="0.029"/>
  <testcase classname="com.qa.opencart.test.ResultsPageTest" name="selectProductTest" time="1.377"/>
  <testcase classname="com.qa.opencart.test.ResultsPageTest" name="productImageTest" time="0.051"/>
</testsuite> <!-- Default test -->
