<?xml version="1.0" encoding="UTF-8"?>
<!-- Generated by org.testng.reporters.JUnitXMLReporter -->
<testsuite ignored="3" hostname="SPARK-PF2DE7Y1" failures="0" tests="3" name="Default test" time="9.41" errors="0" timestamp="2023-08-03T17:10:57 EDT">
  <testcase classname="com.qa.opencart.test.ResultsPageTest" name="serchProductResultCountTest" time="0.881"/>
  <testcase classname="com.qa.opencart.test.ResultsPageTest" name="serchProductResultCountTest" time="0.821"/>
  <testcase classname="com.qa.opencart.test.ResultsPageTest" name="serchProductResultCountTest" time="0.942"/>
  <testcase classname="com.qa.opencart.test.ResultsPageTest" name="isMacBookAirDisplyed" time="0.0">
    <ignored/>
  </testcase> <!-- isMacBookAirDisplyed -->
  <testcase classname="com.qa.opencart.test.ResultsPageTest" name="productImageTest" time="0.0">
    <ignored/>
  </testcase> <!-- productImageTest -->
  <testcase classname="com.qa.opencart.test.ResultsPageTest" name="selectProductTest" time="0.0">
    <ignored/>
  </testcase> <!-- selectProductTest -->
</testsuite> <!-- Default test -->
