<?xml version="1.0" encoding="UTF-8"?>
<testng-results ignored="0" total="6" passed="6" failed="0" skipped="0">
  <reporter-output>
  </reporter-output>
  <suite started-at="2023-08-07T19:45:57 EDT" name="DraasUIFlows" finished-at="2023-08-07T19:46:05 EDT" duration-ms="7155">
    <groups>
    </groups>
    <test started-at="2023-08-07T19:45:57 EDT" name="Accounts Page Test" finished-at="2023-08-07T19:46:04 EDT" duration-ms="6862">
      <class name="com.qa.opencart.test.AccountsPageTest">
        <test-method is-config="true" signature="setup(java.lang.String)[pri:0, instance:com.qa.opencart.test.AccountsPageTest@72d1ad2e]" started-at="2023-08-07T19:45:58 EDT" name="setup" finished-at="2023-08-07T19:46:03 EDT" duration-ms="5494" status="PASS">
          <params>
            <param index="0">
              <value>
                <![CDATA[edge]]>
              </value>
            </param>
          </params>
          <reporter-output>
          </reporter-output>
        </test-method> <!-- setup -->
        <test-method is-config="true" signature="accPageSetup()[pri:0, instance:com.qa.opencart.test.AccountsPageTest@72d1ad2e]" started-at="2023-08-07T19:46:03 EDT" name="accPageSetup" finished-at="2023-08-07T19:46:04 EDT" duration-ms="943" status="PASS">
          <reporter-output>
          </reporter-output>
        </test-method> <!-- accPageSetup -->
        <test-method signature="accPageHeaderList()[pri:0, instance:com.qa.opencart.test.AccountsPageTest@72d1ad2e]" started-at="2023-08-07T19:46:04 EDT" name="accPageHeaderList" finished-at="2023-08-07T19:46:04 EDT" duration-ms="99" status="PASS">
          <reporter-output>
          </reporter-output>
        </test-method> <!-- accPageHeaderList -->
        <test-method signature="accPageTitleTest()[pri:0, instance:com.qa.opencart.test.AccountsPageTest@72d1ad2e]" started-at="2023-08-07T19:46:04 EDT" name="accPageTitleTest" finished-at="2023-08-07T19:46:04 EDT" duration-ms="8" status="PASS">
          <reporter-output>
          </reporter-output>
        </test-method> <!-- accPageTitleTest -->
        <test-method signature="isLogoutLinkExistTest()[pri:0, instance:com.qa.opencart.test.AccountsPageTest@72d1ad2e]" started-at="2023-08-07T19:46:04 EDT" name="isLogoutLinkExistTest" finished-at="2023-08-07T19:46:04 EDT" duration-ms="32" status="PASS">
          <reporter-output>
          </reporter-output>
        </test-method> <!-- isLogoutLinkExistTest -->
        <test-method is-config="true" signature="tearDown()[pri:0, instance:com.qa.opencart.test.AccountsPageTest@72d1ad2e]" started-at="2023-08-07T19:46:04 EDT" name="tearDown" finished-at="2023-08-07T19:46:04 EDT" duration-ms="261" status="PASS">
          <reporter-output>
          </reporter-output>
        </test-method> <!-- tearDown -->
      </class> <!-- com.qa.opencart.test.AccountsPageTest -->
    </test> <!-- Accounts Page Test -->
    <test started-at="2023-08-07T19:45:57 EDT" name="Login Page Test" finished-at="2023-08-07T19:46:05 EDT" duration-ms="7155">
      <class name="com.qa.opencart.test.LoginPageTest">
        <test-method is-config="true" signature="setup(java.lang.String)[pri:0, instance:com.qa.opencart.test.LoginPageTest@123ef382]" started-at="2023-08-07T19:45:58 EDT" name="setup" finished-at="2023-08-07T19:46:03 EDT" duration-ms="5948" status="PASS">
          <params>
            <param index="0">
              <value>
                <![CDATA[chrome]]>
              </value>
            </param>
          </params>
          <reporter-output>
          </reporter-output>
        </test-method> <!-- setup -->
        <test-method signature="forgotPasswordLinkExistText()[pri:0, instance:com.qa.opencart.test.LoginPageTest@123ef382]" started-at="2023-08-07T19:46:03 EDT" name="forgotPasswordLinkExistText" finished-at="2023-08-07T19:46:04 EDT" duration-ms="51" status="PASS">
          <reporter-output>
          </reporter-output>
        </test-method> <!-- forgotPasswordLinkExistText -->
        <test-method signature="loginPageTitleTest()[pri:0, instance:com.qa.opencart.test.LoginPageTest@123ef382]" started-at="2023-08-07T19:46:04 EDT" name="loginPageTitleTest" finished-at="2023-08-07T19:46:04 EDT" duration-ms="7" status="PASS">
          <reporter-output>
          </reporter-output>
        </test-method> <!-- loginPageTitleTest -->
        <test-method signature="loginTest()[pri:0, instance:com.qa.opencart.test.LoginPageTest@123ef382]" started-at="2023-08-07T19:46:04 EDT" name="loginTest" finished-at="2023-08-07T19:46:04 EDT" duration-ms="930" status="PASS">
          <reporter-output>
          </reporter-output>
        </test-method> <!-- loginTest -->
        <test-method is-config="true" signature="tearDown()[pri:0, instance:com.qa.opencart.test.LoginPageTest@123ef382]" started-at="2023-08-07T19:46:04 EDT" name="tearDown" finished-at="2023-08-07T19:46:05 EDT" duration-ms="191" status="PASS">
          <reporter-output>
          </reporter-output>
        </test-method> <!-- tearDown -->
      </class> <!-- com.qa.opencart.test.LoginPageTest -->
    </test> <!-- Login Page Test -->
  </suite> <!-- DraasUIFlows -->
</testng-results>
