<?xml version="1.0" encoding="UTF-8"?>
<testsuite xmlns:xsi="http://www.w3.org/2001/XMLSchema-instance" xsi:noNamespaceSchemaLocation="https://maven.apache.org/surefire/maven-surefire-plugin/xsd/surefire-test-report-3.0.xsd" version="3.0" name="TestSuite" time="8.256" tests="6" errors="0" skipped="0" failures="0">
  <properties>
[...]
</properties>
  <testcase name="forgotPasswordLinkExistText" classname="com.qa.opencart.test.LoginPageTest" time="0.068">
    <system-out><![CDATA[...
... TestNG 7.7.1 by Cédric Beust (cedric@beust.com)
...

Runing test case on: qa
Runing test case on: qa
Browser name is : chrome
Browser name is : edge
element is found with locator: By.linkText: Forgotten Password
]]></system-out>
    <system-err><![CDATA[SLF4J: Failed to load class "org.slf4j.impl.StaticLoggerBinder".
SLF4J: Defaulting to no-operation (NOP) logger implementation
SLF4J: See http://www.slf4j.org/codes.html#StaticLoggerBinder for further details.
Aug 09, 2023 4:05:15 PM org.openqa.selenium.remote.service.DriverService$Builder getLogOutput
INFO: Driver logs no longer sent to console by default; https://www.selenium.dev/documentation/webdriver/drivers/service/#setting-log-output
Aug 09, 2023 4:05:15 PM org.openqa.selenium.remote.service.DriverService$Builder getLogOutput
INFO: Driver logs no longer sent to console by default; https://www.selenium.dev/documentation/webdriver/drivers/service/#setting-log-output
ERROR StatusLogger Log4j2 could not find a logging implementation. Please add log4j-core to the classpath. Using SimpleLogger to log to the console...
Aug 09, 2023 4:05:18 PM org.openqa.selenium.devtools.CdpVersionFinder findNearestMatch
WARNING: Unable to find an exact match for CDP version 115, so returning the closest version found: 114
Aug 09, 2023 4:05:18 PM org.openqa.selenium.devtools.CdpVersionFinder findNearestMatch
WARNING: Unable to find an exact match for CDP version 115, so returning the closest version found: 114
]]></system-err>
  </testcase>
  <testcase name="loginPageTitleTest" classname="com.qa.opencart.test.LoginPageTest" time="0.01"/>
  <testcase name="loginTest" classname="com.qa.opencart.test.LoginPageTest" time="0.06">
    <system-out><![CDATA[element is found with locator: By.id: input-password
element is found with locator: By.id: input-password
element is found with locator: By.xpath: //input[@value='Login']
element is found with locator: By.xpath: //input[@value='Login']
element is found with locator: By.linkText: Logout
]]></system-out>
  </testcase>
  <testcase name="accPageHeaderList" classname="com.qa.opencart.test.AccountsPageTest" time="0.205"/>
  <testcase name="accPageTitleTest" classname="com.qa.opencart.test.AccountsPageTest" time="0.016"/>
  <testcase name="isLogoutLinkExistTest" classname="com.qa.opencart.test.AccountsPageTest" time="0.055">
    <system-out><![CDATA[element is found with locator: By.linkText: Logout
]]></system-out>
  </testcase>
</testsuite>