<?xml version="1.0" encoding="UTF-8"?>
<!-- Generated by org.testng.reporters.JUnitXMLReporter -->
<testsuite ignored="0" hostname="SPARK-PF2DE7Y1" failures="0" tests="3" name="Login Page Test" time="7.155" errors="0" timestamp="2023-08-07T19:46:05 EDT">
  <testcase classname="com.qa.opencart.test.LoginPageTest" name="forgotPasswordLinkExistText" time="0.051"/>
  <testcase classname="com.qa.opencart.test.LoginPageTest" name="loginPageTitleTest" time="0.007"/>
  <testcase classname="com.qa.opencart.test.LoginPageTest" name="loginTest" time="0.93"/>
</testsuite> <!-- Login Page Test -->
