<?xml version="1.0" encoding="UTF-8"?>
<!-- Generated by org.testng.reporters.JUnitXMLReporter -->
<testsuite ignored="0" hostname="SPARK-PF2DE7Y1" failures="0" tests="3" name="Login Page Test" time="7.428" errors="0" timestamp="2023-08-09T16:05:23 EDT">
  <testcase classname="com.qa.opencart.test.LoginPageTest" name="forgotPasswordLinkExistText" time="0.067"/>
  <testcase classname="com.qa.opencart.test.LoginPageTest" name="loginPageTitleTest" time="0.013"/>
  <testcase classname="com.qa.opencart.test.LoginPageTest" name="loginTest" time="1.084"/>
</testsuite> <!-- Login Page Test -->
